Arguments: 
  /snap/node/3292/bin/node /snap/node/3292/bin/yarn.js config get npmRegistryServer

PATH: 
  /home/jinchuriki/Documents/FullStack/node_modules/.bin:/home/jinchuriki/Documents/node_modules/.bin:/home/jinchuriki/node_modules/.bin:/home/node_modules/.bin:/node_modules/.bin:/usr/bin:/usr/local/sbin:/usr/local/bin:/usr/sbin:/usr/bin:/sbin:/bin:/usr/games:/usr/local/games:/snap/bin

Yarn version: 
  1.22.5

Node version: 
  12.19.0

Platform: 
  linux x64

Trace: 
  Error: EACCES: permission denied, write
      at writeSync (fs.js:679:3)
      at SyncWriteStream._write (internal/fs/sync_write_stream.js:24:3)
      at doWrite (_stream_writable.js:403:12)
      at writeOrBuffer (_stream_writable.js:387:5)
      at SyncWriteStream.Writable.write (_stream_writable.js:318:11)
      at ConsoleReporter._log (/snap/node/3292/lib/cli.js:96770:17)
      at ConsoleReporter.log (/snap/node/3292/lib/cli.js:96758:10)
      at get (/snap/node/3292/lib/cli.js:87536:14)
      at Object.<anonymous> (/snap/node/3292/lib/cli.js:25940:25)
      at Generator.next (<anonymous>)

npm manifest: 
  {
    "name": "fullstack",
    "version": "1.0.0",
    "description": "Full stack vue and express app",
    "main": "index.js",
    "scripts": {
      "start": "node server/index.js",
      "dev": "nodemon server/index.js"
    },
    "author": "Adolph Irizabimbuto",
    "license": "MIT",
    "dependencies": {
      "body-parser": "^1.19.0",
      "cors": "^2.8.5",
      "express": "^4.17.1",
      "mongodb": "^3.6.5"
    },
    "devDependencies": {
      "nodemon": "^2.0.7"
    }
  }

yarn manifest: 
  No manifest

Lockfile: 
  No lockfile
